internal/modules/cjs/loader.js:969
  throw err;
  ^

Error: Cannot find module '../controllers/home'
Require stack:
- /home/bitnami/blog/routes/index.js
- /home/bitnami/blog/app.js
- /home/bitnami/blog/bin/www
    at Function.Module._resolveFilename (internal/modules/cjs/loader.js:966:15)
    at Function.Module._load (internal/modules/cjs/loader.js:842:27)
    at Module.require (internal/modules/cjs/loader.js:1026:19)
    at require (internal/modules/cjs/helpers.js:72:18)
    at Object.<anonymous> (/home/bitnami/blog/routes/index.js:3:16)
    at Module._compile (internal/modules/cjs/loader.js:1138:30)
    at Object.Module._extensions..js (internal/modules/cjs/loader.js:1158:10)
    at Module.load (internal/modules/cjs/loader.js:986:32)
    at Function.Module._load (internal/modules/cjs/loader.js:879:14)
    at Module.require (internal/modules/cjs/loader.js:1026:19) {
  code: 'MODULE_NOT_FOUND',
  requireStack: [
    '/home/bitnami/blog/routes/index.js',
    '/home/bitnami/blog/app.js',
    '/home/bitnami/blog/bin/www'
  ]
}
[0mGET / [32m200 [0m13.525 ms - 1762[0m
[0mGET /blogadd [32m200 [0m2.255 ms - 1733[0m
[0mGET /bloglist [36m304 [0m1.434 ms - -[0m
[0mGET / [36m304 [0m1.257 ms - -[0m
[0mHEAD /robots.txt [33m404 [0m1.637 ms - 883[0m
[0mGET / [36m304 [0m1.035 ms - -[0m
[0mGET / [32m200 [0m1.081 ms - 1762[0m
[0mGET / [32m200 [0m1.411 ms - 1762[0m
[0mGET / [32m200 [0m0.968 ms - 1762[0m
[0mGET / [32m200 [0m0.782 ms - 1762[0m
[0mGET /Telerik.Web.UI.WebResource.axd?type=rau [33m404 [0m1.764 ms - 883[0m
[0mGET /blogadd [36m304 [0m1.077 ms - -[0m
[0mGET /bloglist [36m304 [0m1.142 ms - -[0m
[0mGET / [36m304 [0m0.942 ms - -[0m
[0mGET / [32m200 [0m1.185 ms - 1730[0m
[0mGET / [32m200 [0m1.000 ms - 359[0m
[0mGET /css/bootstrap.css [33m404 [0m1.124 ms - 883[0m
[0mGET /css/bootstrap-responsive.css [33m404 [0m0.828 ms - 883[0m
[0mGET / [36m304 [0m2.083 ms - -[0m
[0mGET /css/bootstrap.css [33m404 [0m1.001 ms - 883[0m
[0mGET /css/bootstrap-responsive.css [33m404 [0m0.792 ms - 883[0m
[0mGET / [36m304 [0m0.933 ms - -[0m
[0mGET /css/bootstrap-responsive.css [33m404 [0m1.387 ms - 883[0m
[0mGET /css/bootstrap.css [33m404 [0m1.822 ms - 883[0m
[0mPOST /HNAP1/ [33m404 [0m1.671 ms - 883[0m
[0mGET / [32m200 [0m1.154 ms - 1730[0m
[0mGET /blogadd [32m200 [0m2.067 ms - 1709[0m
[0mGET /bloglist [32m200 [0m1.127 ms - 1705[0m
[0mGET / [36m304 [0m0.974 ms - -[0m
[0mGET /blogadd [36m304 [0m1.110 ms - -[0m
[0mGET /bloglist [36m304 [0m1.139 ms - -[0m
[0mGET / [36m304 [0m0.916 ms - -[0m
